Deploying to: cuda
==> Training starts!
==================================================
Epoch 0:
Training loss: 1.6658, Training accuracy: 0.3742
Validation loss: 1.5418, Validation accuracy: 0.4449
Saved model to /home/users/ren11/project/diffusion-data-aug/resnet_checkpoint/resnet_augmented_epoch_0.pth
Updated Learning Rate: 0.1


Epoch 1:
Training loss: 1.1783, Training accuracy: 0.5742
Validation loss: 1.3832, Validation accuracy: 0.5558
Saved model to /home/users/ren11/project/diffusion-data-aug/resnet_checkpoint/resnet_augmented_epoch_1.pth
Updated Learning Rate: 0.1


Epoch 2:
Training loss: 0.9191, Training accuracy: 0.6731
Validation loss: 1.0271, Validation accuracy: 0.6531
Saved model to /home/users/ren11/project/diffusion-data-aug/resnet_checkpoint/resnet_augmented_epoch_2.pth
Updated Learning Rate: 0.1


Epoch 3:
Training loss: 0.7673, Training accuracy: 0.7307
Validation loss: 0.8412, Validation accuracy: 0.7050
Saved model to /home/users/ren11/project/diffusion-data-aug/resnet_checkpoint/resnet_augmented_epoch_3.pth
Updated Learning Rate: 0.1


Epoch 4:
Training loss: 0.6777, Training accuracy: 0.7649
Validation loss: 0.8056, Validation accuracy: 0.7278
Saved model to /home/users/ren11/project/diffusion-data-aug/resnet_checkpoint/resnet_augmented_epoch_4.pth
Updated Learning Rate: 0.1


Epoch 5:
Training loss: 0.6221, Training accuracy: 0.7849
Validation loss: 0.6873, Validation accuracy: 0.7649
Saved model to /home/users/ren11/project/diffusion-data-aug/resnet_checkpoint/resnet_augmented_epoch_5.pth
Updated Learning Rate: 0.1


Epoch 6:
Training loss: 0.5747, Training accuracy: 0.8005
Validation loss: 0.7420, Validation accuracy: 0.7572
Updated Learning Rate: 0.1


Epoch 7:
Training loss: 0.5351, Training accuracy: 0.8149
Validation loss: 0.7604, Validation accuracy: 0.7486
Updated Learning Rate: 0.1


Epoch 8:
Training loss: 0.5103, Training accuracy: 0.8234
Validation loss: 0.7237, Validation accuracy: 0.7653
Saved model to /home/users/ren11/project/diffusion-data-aug/resnet_checkpoint/resnet_augmented_epoch_8.pth
Updated Learning Rate: 0.1


Epoch 9:
Training loss: 0.4831, Training accuracy: 0.8324
Validation loss: 0.7228, Validation accuracy: 0.7583
Updated Learning Rate: 0.1


Epoch 10:
Training loss: 0.4647, Training accuracy: 0.8389
Validation loss: 0.5685, Validation accuracy: 0.8024
Saved model to /home/users/ren11/project/diffusion-data-aug/resnet_checkpoint/resnet_augmented_epoch_10.pth
Updated Learning Rate: 0.1


Epoch 11:
Training loss: 0.4449, Training accuracy: 0.8447
Validation loss: 0.4877, Validation accuracy: 0.8325
Saved model to /home/users/ren11/project/diffusion-data-aug/resnet_checkpoint/resnet_augmented_epoch_11.pth
Updated Learning Rate: 0.1


Epoch 12:
Training loss: 0.4358, Training accuracy: 0.8477
Validation loss: 0.5412, Validation accuracy: 0.8232
Updated Learning Rate: 0.1


Epoch 13:
Training loss: 0.4238, Training accuracy: 0.8530
Validation loss: 0.6197, Validation accuracy: 0.8010
Updated Learning Rate: 0.1


Epoch 14:
Training loss: 0.4099, Training accuracy: 0.8592
Validation loss: 0.4821, Validation accuracy: 0.8364
Saved model to /home/users/ren11/project/diffusion-data-aug/resnet_checkpoint/resnet_augmented_epoch_14.pth
Updated Learning Rate: 0.1


Epoch 15:
Training loss: 0.3915, Training accuracy: 0.8649
Validation loss: 0.5145, Validation accuracy: 0.8272
Updated Learning Rate: 0.1


Epoch 16:
Training loss: 0.3892, Training accuracy: 0.8647
Validation loss: 0.5493, Validation accuracy: 0.8110
Updated Learning Rate: 0.1


Epoch 17:
Training loss: 0.3751, Training accuracy: 0.8707
Validation loss: 0.4959, Validation accuracy: 0.8369
Saved model to /home/users/ren11/project/diffusion-data-aug/resnet_checkpoint/resnet_augmented_epoch_17.pth
Updated Learning Rate: 0.1


Epoch 18:
Training loss: 0.3696, Training accuracy: 0.8725
Validation loss: 0.4797, Validation accuracy: 0.8391
Saved model to /home/users/ren11/project/diffusion-data-aug/resnet_checkpoint/resnet_augmented_epoch_18.pth
Updated Learning Rate: 0.1


Epoch 19:
Training loss: 0.3633, Training accuracy: 0.8740
Validation loss: 0.4693, Validation accuracy: 0.8404
Saved model to /home/users/ren11/project/diffusion-data-aug/resnet_checkpoint/resnet_augmented_epoch_19.pth
Updated Learning Rate: 0.1


Epoch 20:
Training loss: 0.3528, Training accuracy: 0.8774
Validation loss: 0.4714, Validation accuracy: 0.8430
Saved model to /home/users/ren11/project/diffusion-data-aug/resnet_checkpoint/resnet_augmented_epoch_20.pth
Updated Learning Rate: 0.1


Epoch 21:
Training loss: 0.3454, Training accuracy: 0.8806
Validation loss: 0.4712, Validation accuracy: 0.8439
Saved model to /home/users/ren11/project/diffusion-data-aug/resnet_checkpoint/resnet_augmented_epoch_21.pth
Updated Learning Rate: 0.1


Epoch 22:
Training loss: 0.3393, Training accuracy: 0.8822
Validation loss: 0.4652, Validation accuracy: 0.8417
Updated Learning Rate: 0.1


Epoch 23:
Training loss: 0.3426, Training accuracy: 0.8810
Validation loss: 0.4921, Validation accuracy: 0.8408
Updated Learning Rate: 0.1


Epoch 24:
Training loss: 0.3320, Training accuracy: 0.8840
Validation loss: 0.4512, Validation accuracy: 0.8515
Saved model to /home/users/ren11/project/diffusion-data-aug/resnet_checkpoint/resnet_augmented_epoch_24.pth
Updated Learning Rate: 0.1


Epoch 25:
Training loss: 0.3247, Training accuracy: 0.8866
Validation loss: 0.4591, Validation accuracy: 0.8499
Updated Learning Rate: 0.1


Epoch 26:
Training loss: 0.3264, Training accuracy: 0.8850
Validation loss: 0.4293, Validation accuracy: 0.8563
Saved model to /home/users/ren11/project/diffusion-data-aug/resnet_checkpoint/resnet_augmented_epoch_26.pth
Updated Learning Rate: 0.1


Epoch 27:
Training loss: 0.3110, Training accuracy: 0.8910
Validation loss: 0.6156, Validation accuracy: 0.8092
Updated Learning Rate: 0.1


Epoch 28:
Training loss: 0.3156, Training accuracy: 0.8913
Validation loss: 0.4127, Validation accuracy: 0.8667
Saved model to /home/users/ren11/project/diffusion-data-aug/resnet_checkpoint/resnet_augmented_epoch_28.pth
Updated Learning Rate: 0.1


Epoch 29:
Training loss: 0.3046, Training accuracy: 0.8937
Validation loss: 0.4952, Validation accuracy: 0.8339
Updated Learning Rate: 0.010000000000000002


Epoch 30:
Training loss: 0.2225, Training accuracy: 0.9243
Validation loss: 0.3158, Validation accuracy: 0.8922
Saved model to /home/users/ren11/project/diffusion-data-aug/resnet_checkpoint/resnet_augmented_epoch_30.pth
Updated Learning Rate: 0.010000000000000002


Epoch 31:
Training loss: 0.1913, Training accuracy: 0.9342
Validation loss: 0.3074, Validation accuracy: 0.8948
Saved model to /home/users/ren11/project/diffusion-data-aug/resnet_checkpoint/resnet_augmented_epoch_31.pth
Updated Learning Rate: 0.010000000000000002


Epoch 32:
Training loss: 0.1768, Training accuracy: 0.9390
Validation loss: 0.3093, Validation accuracy: 0.8952
Saved model to /home/users/ren11/project/diffusion-data-aug/resnet_checkpoint/resnet_augmented_epoch_32.pth
Updated Learning Rate: 0.010000000000000002


Epoch 33:
Training loss: 0.1691, Training accuracy: 0.9409
Validation loss: 0.3088, Validation accuracy: 0.8988
Saved model to /home/users/ren11/project/diffusion-data-aug/resnet_checkpoint/resnet_augmented_epoch_33.pth
Updated Learning Rate: 0.010000000000000002


Epoch 34:
Training loss: 0.1613, Training accuracy: 0.9442
Validation loss: 0.3089, Validation accuracy: 0.8990
Saved model to /home/users/ren11/project/diffusion-data-aug/resnet_checkpoint/resnet_augmented_epoch_34.pth
Updated Learning Rate: 0.010000000000000002


Epoch 35:
Training loss: 0.1569, Training accuracy: 0.9447
Validation loss: 0.3072, Validation accuracy: 0.9007
Saved model to /home/users/ren11/project/diffusion-data-aug/resnet_checkpoint/resnet_augmented_epoch_35.pth
Updated Learning Rate: 0.010000000000000002


Epoch 36:
Training loss: 0.1533, Training accuracy: 0.9472
Validation loss: 0.3133, Validation accuracy: 0.8967
Updated Learning Rate: 0.010000000000000002


Epoch 37:
Training loss: 0.1489, Training accuracy: 0.9483
Validation loss: 0.3135, Validation accuracy: 0.8979
Updated Learning Rate: 0.010000000000000002


Epoch 38:
Training loss: 0.1450, Training accuracy: 0.9500
Validation loss: 0.3124, Validation accuracy: 0.9012
Saved model to /home/users/ren11/project/diffusion-data-aug/resnet_checkpoint/resnet_augmented_epoch_38.pth
Updated Learning Rate: 0.010000000000000002


Epoch 39:
Training loss: 0.1436, Training accuracy: 0.9498
Validation loss: 0.3209, Validation accuracy: 0.8986
Updated Learning Rate: 0.010000000000000002


Epoch 40:
Training loss: 0.1404, Training accuracy: 0.9504
Validation loss: 0.3144, Validation accuracy: 0.9002
Updated Learning Rate: 0.010000000000000002


Epoch 41:
Training loss: 0.1328, Training accuracy: 0.9539
Validation loss: 0.3204, Validation accuracy: 0.9012
Updated Learning Rate: 0.010000000000000002


Epoch 42:
Training loss: 0.1327, Training accuracy: 0.9532
Validation loss: 0.3192, Validation accuracy: 0.9012
Updated Learning Rate: 0.010000000000000002


Epoch 43:
Training loss: 0.1308, Training accuracy: 0.9542
Validation loss: 0.3141, Validation accuracy: 0.8995
Updated Learning Rate: 0.010000000000000002


Epoch 44:
Training loss: 0.1290, Training accuracy: 0.9547
Validation loss: 0.3190, Validation accuracy: 0.9008
Updated Learning Rate: 0.010000000000000002


Epoch 45:
Training loss: 0.1205, Training accuracy: 0.9571
Validation loss: 0.3235, Validation accuracy: 0.9018
Saved model to /home/users/ren11/project/diffusion-data-aug/resnet_checkpoint/resnet_augmented_epoch_45.pth
Updated Learning Rate: 0.010000000000000002


Epoch 46:
Training loss: 0.1180, Training accuracy: 0.9583
Validation loss: 0.3293, Validation accuracy: 0.9025
Saved model to /home/users/ren11/project/diffusion-data-aug/resnet_checkpoint/resnet_augmented_epoch_46.pth
Updated Learning Rate: 0.010000000000000002


Epoch 47:
Training loss: 0.1213, Training accuracy: 0.9575
Validation loss: 0.3303, Validation accuracy: 0.9017
Updated Learning Rate: 0.010000000000000002


Epoch 48:
Training loss: 0.1165, Training accuracy: 0.9588
Validation loss: 0.3443, Validation accuracy: 0.8987
Updated Learning Rate: 0.010000000000000002


Epoch 49:
Training loss: 0.1136, Training accuracy: 0.9598
Validation loss: 0.3362, Validation accuracy: 0.8989
Updated Learning Rate: 0.010000000000000002


Epoch 50:
Training loss: 0.1130, Training accuracy: 0.9594
Validation loss: 0.3400, Validation accuracy: 0.8993
Updated Learning Rate: 0.010000000000000002


Epoch 51:
Training loss: 0.1154, Training accuracy: 0.9586
Validation loss: 0.3310, Validation accuracy: 0.8988
Updated Learning Rate: 0.010000000000000002


Epoch 52:
Training loss: 0.1106, Training accuracy: 0.9612
Validation loss: 0.3289, Validation accuracy: 0.9009
Updated Learning Rate: 0.010000000000000002


Epoch 53:
Training loss: 0.1077, Training accuracy: 0.9625
Validation loss: 0.3335, Validation accuracy: 0.9010
Updated Learning Rate: 0.010000000000000002


Epoch 54:
Training loss: 0.1062, Training accuracy: 0.9636
Validation loss: 0.3380, Validation accuracy: 0.9004
Updated Learning Rate: 0.010000000000000002


Epoch 55:
Training loss: 0.1046, Training accuracy: 0.9629
Validation loss: 0.3418, Validation accuracy: 0.8999
Updated Learning Rate: 0.010000000000000002


Epoch 56:
Training loss: 0.1053, Training accuracy: 0.9628
Validation loss: 0.3469, Validation accuracy: 0.8976
Updated Learning Rate: 0.010000000000000002


Epoch 57:
Training loss: 0.1011, Training accuracy: 0.9643
Validation loss: 0.3551, Validation accuracy: 0.8996
Updated Learning Rate: 0.010000000000000002


Epoch 58:
Training loss: 0.0982, Training accuracy: 0.9653
Validation loss: 0.3444, Validation accuracy: 0.9017
Updated Learning Rate: 0.010000000000000002


Epoch 59:
Training loss: 0.0951, Training accuracy: 0.9665
Validation loss: 0.3524, Validation accuracy: 0.9019
Updated Learning Rate: 0.0010000000000000002


Epoch 60:
Training loss: 0.0861, Training accuracy: 0.9702
Validation loss: 0.3407, Validation accuracy: 0.9033
Saved model to /home/users/ren11/project/diffusion-data-aug/resnet_checkpoint/resnet_augmented_epoch_60.pth
Updated Learning Rate: 0.0010000000000000002


Epoch 61:
Training loss: 0.0820, Training accuracy: 0.9723
Validation loss: 0.3380, Validation accuracy: 0.9037
Saved model to /home/users/ren11/project/diffusion-data-aug/resnet_checkpoint/resnet_augmented_epoch_61.pth
Updated Learning Rate: 0.0010000000000000002


Epoch 62:
Training loss: 0.0807, Training accuracy: 0.9721
Validation loss: 0.3389, Validation accuracy: 0.9033
Updated Learning Rate: 0.0010000000000000002


Epoch 63:
Training loss: 0.0794, Training accuracy: 0.9732
Validation loss: 0.3373, Validation accuracy: 0.9027
Updated Learning Rate: 0.0010000000000000002


Epoch 64:
Training loss: 0.0770, Training accuracy: 0.9741
Validation loss: 0.3370, Validation accuracy: 0.9038
Saved model to /home/users/ren11/project/diffusion-data-aug/resnet_checkpoint/resnet_augmented_epoch_64.pth
Updated Learning Rate: 0.0010000000000000002


Epoch 65:
Training loss: 0.0767, Training accuracy: 0.9743
Validation loss: 0.3382, Validation accuracy: 0.9032
Updated Learning Rate: 0.0010000000000000002


Epoch 66:
Training loss: 0.0768, Training accuracy: 0.9736
Validation loss: 0.3408, Validation accuracy: 0.9028
Updated Learning Rate: 0.0010000000000000002


Epoch 67:
Training loss: 0.0764, Training accuracy: 0.9742
Validation loss: 0.3379, Validation accuracy: 0.9033
Updated Learning Rate: 0.0010000000000000002


Epoch 68:
Training loss: 0.0760, Training accuracy: 0.9739
Validation loss: 0.3389, Validation accuracy: 0.9030
Updated Learning Rate: 0.0010000000000000002


Epoch 69:
Training loss: 0.0768, Training accuracy: 0.9742
Validation loss: 0.3422, Validation accuracy: 0.9035
Updated Learning Rate: 0.0010000000000000002


Epoch 70:
Training loss: 0.0754, Training accuracy: 0.9747
Validation loss: 0.3385, Validation accuracy: 0.9015
Updated Learning Rate: 0.0010000000000000002


Epoch 71:
Training loss: 0.0757, Training accuracy: 0.9751
Validation loss: 0.3418, Validation accuracy: 0.9035
Updated Learning Rate: 0.0010000000000000002


Epoch 72:
Training loss: 0.0747, Training accuracy: 0.9748
Validation loss: 0.3414, Validation accuracy: 0.9032
Updated Learning Rate: 0.0010000000000000002


Epoch 73:
Training loss: 0.0730, Training accuracy: 0.9752
Validation loss: 0.3404, Validation accuracy: 0.9029
Updated Learning Rate: 0.0010000000000000002


Epoch 74:
Training loss: 0.0734, Training accuracy: 0.9751
Validation loss: 0.3407, Validation accuracy: 0.9017
Updated Learning Rate: 0.0010000000000000002


Epoch 75:
Training loss: 0.0715, Training accuracy: 0.9754
Validation loss: 0.3390, Validation accuracy: 0.9044
Saved model to /home/users/ren11/project/diffusion-data-aug/resnet_checkpoint/resnet_augmented_epoch_75.pth
Updated Learning Rate: 0.0010000000000000002


Epoch 76:
Training loss: 0.0735, Training accuracy: 0.9751
Validation loss: 0.3435, Validation accuracy: 0.9042
Updated Learning Rate: 0.0010000000000000002


Epoch 77:
Training loss: 0.0713, Training accuracy: 0.9760
Validation loss: 0.3415, Validation accuracy: 0.9035
Updated Learning Rate: 0.0010000000000000002


Epoch 78:
Training loss: 0.0721, Training accuracy: 0.9755
Validation loss: 0.3431, Validation accuracy: 0.9034
Updated Learning Rate: 0.0010000000000000002


Epoch 79:
Training loss: 0.0720, Training accuracy: 0.9755
Validation loss: 0.3450, Validation accuracy: 0.9028
Updated Learning Rate: 0.0010000000000000002


Epoch 80:
Training loss: 0.0730, Training accuracy: 0.9752
Validation loss: 0.3420, Validation accuracy: 0.9029
Updated Learning Rate: 0.0010000000000000002


Epoch 81:
Training loss: 0.0747, Training accuracy: 0.9746
Validation loss: 0.3436, Validation accuracy: 0.9029
Updated Learning Rate: 0.0010000000000000002


Epoch 82:
Training loss: 0.0725, Training accuracy: 0.9753
Validation loss: 0.3454, Validation accuracy: 0.9038
Updated Learning Rate: 0.0010000000000000002


Epoch 83:
Training loss: 0.0706, Training accuracy: 0.9758
Validation loss: 0.3439, Validation accuracy: 0.9039
Updated Learning Rate: 0.0010000000000000002


Epoch 84:
Training loss: 0.0705, Training accuracy: 0.9759
Validation loss: 0.3445, Validation accuracy: 0.9040
Updated Learning Rate: 0.0010000000000000002


Epoch 85:
Training loss: 0.0701, Training accuracy: 0.9756
Validation loss: 0.3458, Validation accuracy: 0.9040
Updated Learning Rate: 0.0010000000000000002


Epoch 86:
Training loss: 0.0707, Training accuracy: 0.9763
Validation loss: 0.3492, Validation accuracy: 0.9025
Updated Learning Rate: 0.0010000000000000002


Epoch 87:
Training loss: 0.0687, Training accuracy: 0.9757
Validation loss: 0.3449, Validation accuracy: 0.9026
Updated Learning Rate: 0.0010000000000000002


Epoch 88:
Training loss: 0.0705, Training accuracy: 0.9756
Validation loss: 0.3470, Validation accuracy: 0.9036
Updated Learning Rate: 0.0010000000000000002


Epoch 89:
Training loss: 0.0684, Training accuracy: 0.9762
Validation loss: 0.3476, Validation accuracy: 0.9027
Updated Learning Rate: 0.00010000000000000003


Epoch 90:
Training loss: 0.0692, Training accuracy: 0.9764
Validation loss: 0.3457, Validation accuracy: 0.9026
Updated Learning Rate: 0.00010000000000000003


Epoch 91:
Training loss: 0.0676, Training accuracy: 0.9773
Validation loss: 0.3483, Validation accuracy: 0.9027
Updated Learning Rate: 0.00010000000000000003


Epoch 92:
Training loss: 0.0677, Training accuracy: 0.9760
Validation loss: 0.3488, Validation accuracy: 0.9024
Updated Learning Rate: 0.00010000000000000003


Epoch 93:
Training loss: 0.0661, Training accuracy: 0.9779
Validation loss: 0.3472, Validation accuracy: 0.9020
Updated Learning Rate: 0.00010000000000000003


Epoch 94:
Training loss: 0.0675, Training accuracy: 0.9773
Validation loss: 0.3483, Validation accuracy: 0.9032
Updated Learning Rate: 0.00010000000000000003


Epoch 95:
Training loss: 0.0666, Training accuracy: 0.9773
Validation loss: 0.3463, Validation accuracy: 0.9034
Updated Learning Rate: 0.00010000000000000003


Epoch 96:
Training loss: 0.0683, Training accuracy: 0.9766
Validation loss: 0.3468, Validation accuracy: 0.9021
Updated Learning Rate: 0.00010000000000000003


Epoch 97:
Training loss: 0.0671, Training accuracy: 0.9775
Validation loss: 0.3462, Validation accuracy: 0.9028
Updated Learning Rate: 0.00010000000000000003


Epoch 98:
Training loss: 0.0671, Training accuracy: 0.9773
Validation loss: 0.3480, Validation accuracy: 0.9027
Updated Learning Rate: 0.00010000000000000003


Epoch 99:
Training loss: 0.0659, Training accuracy: 0.9778
Validation loss: 0.3458, Validation accuracy: 0.9023
Updated Learning Rate: 0.00010000000000000003


Epoch 100:
Training loss: 0.0665, Training accuracy: 0.9775
Validation loss: 0.3452, Validation accuracy: 0.9021
Updated Learning Rate: 0.00010000000000000003


Epoch 101:
Training loss: 0.0646, Training accuracy: 0.9785
Validation loss: 0.3482, Validation accuracy: 0.9028
Updated Learning Rate: 0.00010000000000000003


Epoch 102:
Training loss: 0.0672, Training accuracy: 0.9770
Validation loss: 0.3505, Validation accuracy: 0.9019
Updated Learning Rate: 0.00010000000000000003


Epoch 103:
Training loss: 0.0683, Training accuracy: 0.9771
Validation loss: 0.3500, Validation accuracy: 0.9021
Updated Learning Rate: 0.00010000000000000003


Epoch 104:
Training loss: 0.0659, Training accuracy: 0.9779
Validation loss: 0.3489, Validation accuracy: 0.9022
Updated Learning Rate: 0.00010000000000000003


Epoch 105:
Training loss: 0.0682, Training accuracy: 0.9772
Validation loss: 0.3500, Validation accuracy: 0.9015
Updated Learning Rate: 0.00010000000000000003


Epoch 106:
Training loss: 0.0656, Training accuracy: 0.9788
Validation loss: 0.3506, Validation accuracy: 0.9037
Updated Learning Rate: 0.00010000000000000003


Epoch 107:
Training loss: 0.0672, Training accuracy: 0.9773
Validation loss: 0.3479, Validation accuracy: 0.9029
Updated Learning Rate: 0.00010000000000000003


Epoch 108:
Training loss: 0.0669, Training accuracy: 0.9771
Validation loss: 0.3530, Validation accuracy: 0.9035
Updated Learning Rate: 0.00010000000000000003


Epoch 109:
Training loss: 0.0654, Training accuracy: 0.9778
Validation loss: 0.3512, Validation accuracy: 0.9029
Updated Learning Rate: 0.00010000000000000003


Epoch 110:
Training loss: 0.0672, Training accuracy: 0.9768
Validation loss: 0.3476, Validation accuracy: 0.9024
Updated Learning Rate: 0.00010000000000000003


Epoch 111:
Training loss: 0.0660, Training accuracy: 0.9768
Validation loss: 0.3489, Validation accuracy: 0.9028
Updated Learning Rate: 0.00010000000000000003


Epoch 112:
Training loss: 0.0669, Training accuracy: 0.9774
Validation loss: 0.3478, Validation accuracy: 0.9027
Updated Learning Rate: 0.00010000000000000003


Epoch 113:
Training loss: 0.0662, Training accuracy: 0.9779
Validation loss: 0.3486, Validation accuracy: 0.9026
Updated Learning Rate: 0.00010000000000000003


Epoch 114:
Training loss: 0.0673, Training accuracy: 0.9775
Validation loss: 0.3474, Validation accuracy: 0.9032
Updated Learning Rate: 0.00010000000000000003


Epoch 115:
Training loss: 0.0657, Training accuracy: 0.9780
Validation loss: 0.3479, Validation accuracy: 0.9026
Updated Learning Rate: 0.00010000000000000003


Epoch 116:
Training loss: 0.0646, Training accuracy: 0.9790
Validation loss: 0.3478, Validation accuracy: 0.9028
Updated Learning Rate: 0.00010000000000000003


Epoch 117:
Training loss: 0.0646, Training accuracy: 0.9786
Validation loss: 0.3475, Validation accuracy: 0.9028
Updated Learning Rate: 0.00010000000000000003


Epoch 118:
Training loss: 0.0656, Training accuracy: 0.9781
Validation loss: 0.3488, Validation accuracy: 0.9034
Updated Learning Rate: 0.00010000000000000003


Epoch 119:
Training loss: 0.0646, Training accuracy: 0.9783
Validation loss: 0.3489, Validation accuracy: 0.9035
Updated Learning Rate: 1.0000000000000004e-05


Epoch 120:
Training loss: 0.0663, Training accuracy: 0.9774
Validation loss: 0.3496, Validation accuracy: 0.9035
Updated Learning Rate: 1.0000000000000004e-05


Epoch 121:
Training loss: 0.0673, Training accuracy: 0.9774
Validation loss: 0.3490, Validation accuracy: 0.9025
Updated Learning Rate: 1.0000000000000004e-05


Epoch 122:
Training loss: 0.0652, Training accuracy: 0.9783
Validation loss: 0.3483, Validation accuracy: 0.9024
Updated Learning Rate: 1.0000000000000004e-05


Epoch 123:
Training loss: 0.0653, Training accuracy: 0.9785
Validation loss: 0.3502, Validation accuracy: 0.9028
Updated Learning Rate: 1.0000000000000004e-05


Epoch 124:
Training loss: 0.0671, Training accuracy: 0.9772
Validation loss: 0.3495, Validation accuracy: 0.9022
Updated Learning Rate: 1.0000000000000004e-05


Epoch 125:
Training loss: 0.0637, Training accuracy: 0.9788
Validation loss: 0.3464, Validation accuracy: 0.9037
Updated Learning Rate: 1.0000000000000004e-05


Epoch 126:
Training loss: 0.0656, Training accuracy: 0.9782
Validation loss: 0.3501, Validation accuracy: 0.9027
Updated Learning Rate: 1.0000000000000004e-05


Epoch 127:
Training loss: 0.0642, Training accuracy: 0.9785
Validation loss: 0.3505, Validation accuracy: 0.9031
Updated Learning Rate: 1.0000000000000004e-05


Epoch 128:
Training loss: 0.0665, Training accuracy: 0.9776
Validation loss: 0.3469, Validation accuracy: 0.9029
Updated Learning Rate: 1.0000000000000004e-05


Epoch 129:
Training loss: 0.0651, Training accuracy: 0.9774
Validation loss: 0.3481, Validation accuracy: 0.9033
Updated Learning Rate: 1.0000000000000004e-05


Epoch 130:
Training loss: 0.0660, Training accuracy: 0.9777
Validation loss: 0.3486, Validation accuracy: 0.9020
Updated Learning Rate: 1.0000000000000004e-05


Epoch 131:
Training loss: 0.0663, Training accuracy: 0.9777
Validation loss: 0.3500, Validation accuracy: 0.9028
Updated Learning Rate: 1.0000000000000004e-05


Epoch 132:
Training loss: 0.0663, Training accuracy: 0.9775
Validation loss: 0.3498, Validation accuracy: 0.9026
Updated Learning Rate: 1.0000000000000004e-05


Epoch 133:
Training loss: 0.0662, Training accuracy: 0.9775
Validation loss: 0.3481, Validation accuracy: 0.9032
Updated Learning Rate: 1.0000000000000004e-05


Epoch 134:
Training loss: 0.0669, Training accuracy: 0.9777
Validation loss: 0.3503, Validation accuracy: 0.9033
Updated Learning Rate: 1.0000000000000004e-05


Epoch 135:
Training loss: 0.0653, Training accuracy: 0.9777
Validation loss: 0.3522, Validation accuracy: 0.9028
Updated Learning Rate: 1.0000000000000004e-05


Epoch 136:
Training loss: 0.0654, Training accuracy: 0.9779
Validation loss: 0.3462, Validation accuracy: 0.9034
Updated Learning Rate: 1.0000000000000004e-05


Epoch 137:
Training loss: 0.0645, Training accuracy: 0.9786
Validation loss: 0.3479, Validation accuracy: 0.9030
Updated Learning Rate: 1.0000000000000004e-05


Epoch 138:
Training loss: 0.0651, Training accuracy: 0.9788
Validation loss: 0.3491, Validation accuracy: 0.9037
Updated Learning Rate: 1.0000000000000004e-05


Epoch 139:
Training loss: 0.0659, Training accuracy: 0.9775
Validation loss: 0.3468, Validation accuracy: 0.9030
Updated Learning Rate: 1.0000000000000004e-05


Epoch 140:
Training loss: 0.0646, Training accuracy: 0.9781
Validation loss: 0.3459, Validation accuracy: 0.9032
Updated Learning Rate: 1.0000000000000004e-05


Epoch 141:
Training loss: 0.0650, Training accuracy: 0.9780
Validation loss: 0.3484, Validation accuracy: 0.9022
Updated Learning Rate: 1.0000000000000004e-05


Epoch 142:
Training loss: 0.0669, Training accuracy: 0.9770
Validation loss: 0.3496, Validation accuracy: 0.9032
Updated Learning Rate: 1.0000000000000004e-05


Epoch 143:
Training loss: 0.0654, Training accuracy: 0.9780
Validation loss: 0.3514, Validation accuracy: 0.9028
Updated Learning Rate: 1.0000000000000004e-05


Epoch 144:
Training loss: 0.0681, Training accuracy: 0.9761
Validation loss: 0.3493, Validation accuracy: 0.9028
Updated Learning Rate: 1.0000000000000004e-05


Epoch 145:
Training loss: 0.0655, Training accuracy: 0.9775
Validation loss: 0.3479, Validation accuracy: 0.9040
Updated Learning Rate: 1.0000000000000004e-05


Epoch 146:
Training loss: 0.0663, Training accuracy: 0.9775
Validation loss: 0.3437, Validation accuracy: 0.9036
Updated Learning Rate: 1.0000000000000004e-05


Epoch 147:
Training loss: 0.0655, Training accuracy: 0.9779
Validation loss: 0.3508, Validation accuracy: 0.9025
Updated Learning Rate: 1.0000000000000004e-05


Epoch 148:
Training loss: 0.0681, Training accuracy: 0.9772
Validation loss: 0.3483, Validation accuracy: 0.9016
Updated Learning Rate: 1.0000000000000004e-05


Epoch 149:
Training loss: 0.0656, Training accuracy: 0.9773
Validation loss: 0.3487, Validation accuracy: 0.9028
Updated Learning Rate: 1.0000000000000004e-06


==================================================
==> Optimization finished! Best validation accuracy: 0.9044
